<?xml version="1.0" encoding="UTF-8"?>
<!-- Generated by org.testng.reporters.JUnitReportReporter -->
<testsuite name="demo.TestBuild" tests="1" time="0.024" ignored="0" failures="0" timestamp="23 May 2020 15:26:48 GMT" skipped="0" hostname="DESKTOP-10F7RS6" errors="0">
  <testcase name="doLogin" time="0.024" classname="demo.TestBuild"/>
</testsuite> <!-- demo.TestBuild -->
